2025-02-11 19:24:10,123 - INFO - Starting cat check
2025-02-11 19:24:11,329 - INFO - Checking for new kitties...
2025-02-11 19:24:17,609 - INFO - Cat Coming Soon already exists in database
2025-02-11 19:24:20,981 - INFO - Charlie is too old or age not available
2025-02-11 19:24:24,351 - INFO - Sally is too old or age not available
2025-02-11 19:24:24,354 - INFO - No new cats to add
2025-02-11 19:55:08,933 - INFO - Starting cat check
2025-02-11 19:55:09,764 - INFO - Checking for new kitties...
2025-02-11 19:55:16,993 - INFO - Cat Coming Soon already exists in database
2025-02-11 19:55:20,641 - INFO - Charlie is too old or age not available
2025-02-11 19:55:24,280 - INFO - Sally is too old or age not available
2025-02-11 19:55:24,282 - INFO - No new cats to add
2025-02-11 20:06:31,136 - INFO - Starting cat check
2025-02-11 20:06:31,616 - INFO - Checking for new kitties...
2025-02-11 20:06:38,148 - INFO - Cat Coming Soon already exists in database
2025-02-11 20:06:41,727 - INFO - Charlie is too old or age not available
2025-02-11 20:06:45,021 - INFO - Sally is too old or age not available
2025-02-11 20:06:45,023 - INFO - No new cats to add
2025-02-13 13:17:51,358 - INFO - Starting cat check
2025-02-13 13:17:58,061 - INFO - Checking for new kitties...
2025-02-13 13:18:04,610 - INFO - Cat Coming Soon already exists in database
2025-02-13 13:18:09,253 - INFO - Charlie is too old or age not available
2025-02-13 13:18:13,060 - INFO - Sally is too old or age not available
2025-02-13 13:18:13,062 - INFO - No new cats to add
2025-02-16 13:42:35,792 - INFO - Starting cat check
2025-02-16 13:42:36,840 - INFO - Checking for new kitties...
2025-02-16 13:42:42,794 - INFO - Adding Coming Soon to database
2025-02-16 13:42:46,283 - INFO - Tiger is too old or age not available
2025-02-16 13:42:49,745 - INFO - Slinky is too old or age not available
2025-02-16 13:42:51,468 - INFO - Summary email sent for 1 new kittens!
2025-02-16 13:42:51,505 - INFO - Added 1 new cats to the database
